2025-03-28 18:34:21.230  INFO 8 - [       main] c.epam.healenium.Application     : Starting Application v3.4.7 using Java 23.0.2 with PID 8 (/healenium-backend.jar started by root in /) 
2025-03-28 18:34:21.236  INFO 8 - [       main] c.epam.healenium.Application     : No active profile set, falling back to 1 default profile: "default" 
2025-03-28 18:34:24.017  INFO 8 - [       main] .RepositoryConfigurationDelegate : Bootstrapping Spring Data JPA repositories in DEFAULT mode. 
2025-03-28 18:34:24.206  INFO 8 - [       main] .RepositoryConfigurationDelegate : Finished Spring Data repository scanning in 179 ms. Found 4 JPA repository interfaces. 
2025-03-28 18:34:25.544  INFO 8 - [       main] o.s.b.w.e.t.TomcatWebServer      : Tomcat initialized with port 7878 (http) 
2025-03-28 18:34:25.564  INFO 8 - [       main] o.a.c.core.StandardService       : Starting service [Tomcat] 
2025-03-28 18:34:25.565  INFO 8 - [       main] o.a.c.core.StandardEngine        : Starting Servlet engine: [Apache Tomcat/10.1.36] 
2025-03-28 18:34:25.626  INFO 8 - [       main] o.a.c.c.C.[.[localhost].[/]      : Initializing Spring embedded WebApplicationContext 
2025-03-28 18:34:25.627  INFO 8 - [       main] rvletWebServerApplicationContext : Root WebApplicationContext: initialization completed in 4306 ms 
2025-03-28 18:34:26.155  INFO 8 - [       main] c.z.hikari.HikariDataSource      : HikariPool-1 - Starting... 
2025-03-28 18:34:26.449  INFO 8 - [       main] c.z.hikari.HikariDataSource      : HikariPool-1 - Start completed. 
2025-03-28 18:34:26.581  INFO 8 - [       main] liquibase.database               : Set default schema name to healenium 
2025-03-28 18:34:27.172  INFO 8 - [       main] liquibase.changelog              : Creating database history table with name: healenium.databasechangelog 
2025-03-28 18:34:27.208  INFO 8 - [       main] liquibase.changelog              : Reading from healenium.databasechangelog 
2025-03-28 18:34:27.347  INFO 8 - [       main] liquibase.lockservice            : Successfully acquired change log lock 
2025-03-28 18:34:27.349  INFO 8 - [       main] liquibase.command                : Using deploymentId: 3176067349 
2025-03-28 18:34:27.352  INFO 8 - [       main] liquibase.changelog              : Reading from healenium.databasechangelog 
2025-03-28 18:34:27.380  INFO 8 - [       main] liquibase.ui                     : Running Changeset: changelog/001_createSequence.xml::3::nkobzev 
2025-03-28 18:34:27.388  INFO 8 - [       main] liquibase.changelog              : Sequence healing_result_seq created 
2025-03-28 18:34:27.393  INFO 8 - [       main] liquibase.changelog              : ChangeSet changelog/001_createSequence.xml::3::nkobzev ran successfully in 10ms 
2025-03-28 18:34:27.405  INFO 8 - [       main] liquibase.ui                     : Running Changeset: changelog/002_selector.xml::5::nkobzev 
2025-03-28 18:34:27.417  INFO 8 - [       main] liquibase.changelog              : Table SELECTOR created 
2025-03-28 18:34:27.421  INFO 8 - [       main] liquibase.changelog              : ChangeSet changelog/002_selector.xml::5::nkobzev ran successfully in 14ms 
2025-03-28 18:34:27.426  INFO 8 - [       main] liquibase.ui                     : Running Changeset: changelog/002_selector.xml::6::nkobzev 
2025-03-28 18:34:27.454  INFO 8 - [       main] liquibase.changelog              : Index SELECTOR_PK created 
2025-03-28 18:34:27.457  INFO 8 - [       main] liquibase.changelog              : ChangeSet changelog/002_selector.xml::6::nkobzev ran successfully in 31ms 
2025-03-28 18:34:27.463  INFO 8 - [       main] liquibase.ui                     : Running Changeset: changelog/003_healing.xml::7::nkobzev 
2025-03-28 18:34:27.473  INFO 8 - [       main] liquibase.changelog              : Table HEALING created 
2025-03-28 18:34:27.477  INFO 8 - [       main] liquibase.changelog              : ChangeSet changelog/003_healing.xml::7::nkobzev ran successfully in 12ms 
2025-03-28 18:34:27.483  INFO 8 - [       main] liquibase.ui                     : Running Changeset: changelog/003_healing.xml::8::nkobzev 
2025-03-28 18:34:27.501  INFO 8 - [       main] liquibase.changelog              : Index HEALING_PK created 
2025-03-28 18:34:27.504  INFO 8 - [       main] liquibase.changelog              : Foreign key constraint added to HEALING (SELECTOR_ID) 
2025-03-28 18:34:27.507  INFO 8 - [       main] liquibase.changelog              : ChangeSet changelog/003_healing.xml::8::nkobzev ran successfully in 23ms 
2025-03-28 18:34:27.514  INFO 8 - [       main] liquibase.ui                     : Running Changeset: changelog/004_healingResult.xml::9::nkobzev 
2025-03-28 18:34:27.524  INFO 8 - [       main] liquibase.changelog              : Table HEALING_RESULT created 
2025-03-28 18:34:27.527  INFO 8 - [       main] liquibase.changelog              : ChangeSet changelog/004_healingResult.xml::9::nkobzev ran successfully in 12ms 
2025-03-28 18:34:27.533  INFO 8 - [       main] liquibase.ui                     : Running Changeset: changelog/004_healingResult.xml::10::nkobzev 
2025-03-28 18:34:27.553  INFO 8 - [       main] liquibase.changelog              : Index HEALING_RESULT_PK created 
2025-03-28 18:34:27.556  INFO 8 - [       main] liquibase.changelog              : Foreign key constraint added to HEALING_RESULT (HEALING_ID) 
2025-03-28 18:34:27.559  INFO 8 - [       main] liquibase.changelog              : ChangeSet changelog/004_healingResult.xml::10::nkobzev ran successfully in 25ms 
2025-03-28 18:34:27.565  INFO 8 - [       main] liquibase.ui                     : Running Changeset: changelog/005_report.xml::11::nkobzev 
2025-03-28 18:34:27.573  INFO 8 - [       main] liquibase.changelog              : Table REPORT created 
2025-03-28 18:34:27.576  INFO 8 - [       main] liquibase.changelog              : ChangeSet changelog/005_report.xml::11::nkobzev ran successfully in 11ms 
2025-03-28 18:34:27.581  INFO 8 - [       main] liquibase.ui                     : Running Changeset: changelog/005_report.xml::12::nkobzev 
2025-03-28 18:34:27.603  INFO 8 - [       main] liquibase.changelog              : Index REPORT_PK created 
2025-03-28 18:34:27.606  INFO 8 - [       main] liquibase.changelog              : ChangeSet changelog/005_report.xml::12::nkobzev ran successfully in 24ms 
2025-03-28 18:34:27.610  INFO 8 - [       main] liquibase.ui                     : Running Changeset: changelog/006_command_and_healingenable_column.xml::13::nkobzev 
2025-03-28 18:34:27.613  INFO 8 - [       main] liquibase.changelog              : Columns COMMAND(VARCHAR(264)),ENABLE_HEALING(BOOLEAN) added to SELECTOR 
2025-03-28 18:34:27.617  INFO 8 - [       main] liquibase.changelog              : ChangeSet changelog/006_command_and_healingenable_column.xml::13::nkobzev ran successfully in 6ms 
2025-03-28 18:34:27.625  INFO 8 - [       main] liquibase.util                   : UPDATE SUMMARY 
2025-03-28 18:34:27.625  INFO 8 - [       main] liquibase.util                   : Run:                         10 
2025-03-28 18:34:27.625  INFO 8 - [       main] liquibase.util                   : Previously run:               0 
2025-03-28 18:34:27.625  INFO 8 - [       main] liquibase.util                   : Filtered out:                 0 
2025-03-28 18:34:27.626  INFO 8 - [       main] liquibase.util                   : ------------------------------- 
2025-03-28 18:34:27.626  INFO 8 - [       main] liquibase.util                   : Total change sets:           10 
2025-03-28 18:34:27.626  INFO 8 - [       main] liquibase.util                   : Update summary generated 
2025-03-28 18:34:27.628  INFO 8 - [       main] liquibase.command                : Update command completed successfully. 
2025-03-28 18:34:27.628  INFO 8 - [       main] liquibase.ui                     : Liquibase: Update has been successful. Rows affected: 10 
2025-03-28 18:34:27.634  INFO 8 - [       main] liquibase.lockservice            : Successfully released change log lock 
2025-03-28 18:34:27.635  INFO 8 - [       main] liquibase.command                : Command execution complete 
2025-03-28 18:34:27.823  INFO 8 - [       main] o.h.j.internal.util.LogHelper    : HHH000204: Processing PersistenceUnitInfo [name: default] 
2025-03-28 18:34:27.899  INFO 8 - [       main] org.hibernate.Version            : HHH000412: Hibernate ORM core version 6.5.3.Final 
2025-03-28 18:34:27.977  INFO 8 - [       main] o.h.c.i.RegionFactoryInitiator   : HHH000026: Second-level cache disabled 
2025-03-28 18:34:28.367  INFO 8 - [       main] .o.j.p.SpringPersistenceUnitInfo : No LoadTimeWeaver setup: ignoring JPA class transformer 
2025-03-28 18:34:28.389  WARN 8 - [       main] org.hibernate.orm.deprecation    : HHH90000021: Encountered deprecated setting [hibernate.temp.use_jdbc_metadata_defaults], use [hibernate.boot.allow_jdbc_metadata_access] instead 
2025-03-28 18:34:28.408  WARN 8 - [       main] org.hibernate.orm.deprecation    : HHH90000025: PostgreSQLDialect does not need to be specified explicitly using 'hibernate.dialect' (remove the property setting and it will be selected by default) 
2025-03-28 18:34:29.551  WARN 8 - [       main] o.h.m.internal.MetadataContext   : HHH015011: Unable to locate static metamodel field : com.epam.healenium.model.domain.Selector_#nodePathWrapper; this may or may not indicate a problem with the static metamodel 
2025-03-28 18:34:29.555  INFO 8 - [       main] h.e.t.j.p.i.JtaPlatformInitiator : HHH000489: No JTA platform available (set 'hibernate.transaction.jta.platform' to enable JTA platform integration) 
2025-03-28 18:34:29.558  INFO 8 - [       main] ontainerEntityManagerFactoryBean : Initialized JPA EntityManagerFactory for persistence unit 'default' 
2025-03-28 18:34:29.942  INFO 8 - [       main] o.s.d.j.r.q.QueryEnhancerFactory : Hibernate is in classpath; If applicable, HQL parser will be used. 
2025-03-28 18:34:30.744  INFO 8 - [       main] .a.w.s.WelcomePageHandlerMapping : Adding welcome page template: index 
2025-03-28 18:34:31.543  INFO 8 - [       main] .s.b.a.e.w.EndpointLinksResolver : Exposing 1 endpoint beneath base path '/actuator' 
2025-03-28 18:34:31.889  INFO 8 - [       main] o.s.b.w.e.t.TomcatWebServer      : Tomcat started on port 7878 (http) with context path '/' 
2025-03-28 18:34:31.984  INFO 8 - [       main] c.epam.healenium.Application     : Started Application in 11.84 seconds (process running for 13.963) 
2025-03-28 18:41:40.074  INFO 8 - [7878-exec-1] o.a.c.c.C.[.[localhost].[/]      : Initializing Spring DispatcherServlet 'dispatcherServlet' 
2025-03-28 18:41:40.075  INFO 8 - [7878-exec-1] o.s.w.s.DispatcherServlet        : Initializing Servlet 'dispatcherServlet' 
2025-03-28 18:41:40.077  INFO 8 - [7878-exec-1] o.s.w.s.DispatcherServlet        : Completed initialization in 2 ms 
2025-03-28 18:52:42.168  INFO 8 - [7878-exec-9] healenium                        : [Save Elements] Request: By.cssSelector([id="username"]) 
2025-03-28 18:52:42.267  INFO 8 - [878-exec-10] healenium                        : [Save Elements] Request: By.cssSelector([id="password"]) 
2025-03-28 18:52:42.417  INFO 8 - [7878-exec-1] healenium                        : [Save Elements] Request: By.tagName(button) 
2025-03-28 18:53:04.594  INFO 8 - [7878-exec-4] healenium                        : [Save Elements] Request: By.cssSelector([id="username"]) 
2025-03-28 18:53:04.664  INFO 8 - [7878-exec-5] healenium                        : [Save Elements] Request: By.cssSelector([id="password"]) 
2025-03-28 18:53:04.806  INFO 8 - [7878-exec-6] healenium                        : [Save Elements] Request: By.tagName(button) 
2025-03-28 18:53:56.720  INFO 8 - [7878-exec-3] healenium                        : [Save Elements] Request: By.cssSelector([id="password"]) 
2025-03-28 18:53:56.865  INFO 8 - [7878-exec-4] healenium                        : [Save Elements] Request: By.tagName(button) 
2025-03-28 19:01:11.006  INFO 8 - [878-exec-10] healenium                        : [Save Elements] Request: By.cssSelector([id="password"]) 
2025-03-28 19:01:11.185  INFO 8 - [7878-exec-1] healenium                        : [Save Elements] Request: By.tagName(button) 
2025-03-28 19:03:08.568  INFO 8 - [7878-exec-7] healenium                        : [Save Elements] Request: By.cssSelector([id="password"]) 
2025-03-28 19:03:08.720  INFO 8 - [7878-exec-8] healenium                        : [Save Elements] Request: By.tagName(button) 
2025-03-28 19:04:58.370  INFO 8 - [7878-exec-4] healenium                        : [Save Elements] Request: By.cssSelector([id="password"]) 
2025-03-28 19:04:58.524  INFO 8 - [7878-exec-5] healenium                        : [Save Elements] Request: By.tagName(button) 
